mode: count
fenac.nl/datetime/date.go:28.42,29.18 1 0
fenac.nl/datetime/date.go:30.2,31.21 1 0
fenac.nl/datetime/date.go:32.2,33.22 1 0
fenac.nl/datetime/date.go:34.2,35.27 1 0
fenac.nl/datetime/date.go:36.2,37.29 1 0
fenac.nl/datetime/date.go:38.2,39.28 1 0
fenac.nl/datetime/date.go:40.2,41.23 1 0
fenac.nl/datetime/date.go:42.2,43.50 1 0
fenac.nl/datetime/date.go:44.2,45.51 1 0
fenac.nl/datetime/date.go:46.2,47.50 1 0
fenac.nl/datetime/date.go:48.2,49.51 1 0
fenac.nl/datetime/date.go:50.2,51.25 1 0
fenac.nl/datetime/date.go:52.2,53.22 1 0
fenac.nl/datetime/date.go:54.2,55.19 1 0
fenac.nl/datetime/date.go:86.65,91.2 4 1
fenac.nl/datetime/date.go:93.39,95.2 1 0
fenac.nl/datetime/date.go:104.59,107.19 3 43
fenac.nl/datetime/date.go:137.2,138.8 2 43
fenac.nl/datetime/date.go:108.2,112.29 4 1
fenac.nl/datetime/date.go:113.2,115.41 2 32
fenac.nl/datetime/date.go:129.2,132.30 3 10
fenac.nl/datetime/date.go:133.2,135.68 1 0
fenac.nl/datetime/date.go:115.41,120.4 4 31
fenac.nl/datetime/date.go:120.5,120.48 1 1
fenac.nl/datetime/date.go:120.48,125.4 4 1
fenac.nl/datetime/date.go:125.5,128.4 1 0
fenac.nl/datetime/date.go:141.28,144.2 2 0
fenac.nl/datetime/date.go:146.39,149.2 2 2
fenac.nl/datetime/date.go:151.51,152.14 1 5
fenac.nl/datetime/date.go:164.2,167.16 4 5
fenac.nl/datetime/date.go:153.2,154.45 1 1
fenac.nl/datetime/date.go:155.2,156.47 1 3
fenac.nl/datetime/date.go:157.2,158.45 1 1
fenac.nl/datetime/date.go:159.2,160.47 1 0
fenac.nl/datetime/date.go:161.2,162.45 1 0
fenac.nl/datetime/date.go:170.38,172.2 1 1
fenac.nl/datetime/date.go:174.39,176.2 1 1
fenac.nl/datetime/date.go:178.40,180.2 1 1
fenac.nl/datetime/date.go:182.42,184.2 1 0
fenac.nl/datetime/date.go:186.39,188.2 1 0
fenac.nl/datetime/date.go:190.39,193.2 2 1
fenac.nl/datetime/date.go:195.62,197.20 2 1
fenac.nl/datetime/date.go:202.2,203.34 2 1
fenac.nl/datetime/date.go:206.2,208.8 3 1
fenac.nl/datetime/date.go:197.20,199.3 1 0
fenac.nl/datetime/date.go:199.4,201.3 1 1
fenac.nl/datetime/date.go:203.34,205.3 1 1
fenac.nl/datetime/date.go:211.39,213.2 1 14
fenac.nl/datetime/date.go:215.39,217.2 1 2
fenac.nl/datetime/date.go:219.39,221.2 1 5
fenac.nl/datetime/date.go:223.39,225.2 1 3
fenac.nl/datetime/date.go:227.39,229.2 1 7
fenac.nl/datetime/date.go:231.39,233.2 1 6
fenac.nl/datetime/date.go:235.35,237.2 1 7
fenac.nl/datetime/date.go:239.37,241.2 1 1
fenac.nl/datetime/date.go:243.37,245.2 1 1
fenac.nl/datetime/date.go:253.96,254.37 1 4
fenac.nl/datetime/date.go:259.2,262.27 3 3
fenac.nl/datetime/date.go:280.2,280.8 1 3
fenac.nl/datetime/date.go:254.37,258.3 2 1
fenac.nl/datetime/date.go:262.27,265.28 2 6
fenac.nl/datetime/date.go:271.3,271.17 1 6
fenac.nl/datetime/date.go:274.3,274.28 1 6
fenac.nl/datetime/date.go:266.3,267.28 1 4
fenac.nl/datetime/date.go:268.3,269.14 1 2
fenac.nl/datetime/date.go:271.17,273.4 1 0
fenac.nl/datetime/date.go:274.28,276.4 1 3
fenac.nl/datetime/date.go:276.5,276.35 1 3
fenac.nl/datetime/date.go:276.35,278.4 1 3
fenac.nl/datetime/date.go:283.57,287.27 3 1
fenac.nl/datetime/date.go:296.2,296.16 1 1
fenac.nl/datetime/date.go:300.2,300.23 1 1
fenac.nl/datetime/date.go:314.2,314.14 1 0
fenac.nl/datetime/date.go:288.2,289.27 1 1
fenac.nl/datetime/date.go:290.2,291.13 1 0
fenac.nl/datetime/date.go:292.2,293.15 1 0
fenac.nl/datetime/date.go:296.16,298.3 1 0
fenac.nl/datetime/date.go:301.2,302.37 1 0
fenac.nl/datetime/date.go:303.2,304.43 1 1
fenac.nl/datetime/date.go:305.2,306.43 1 0
fenac.nl/datetime/date.go:307.2,308.43 1 0
fenac.nl/datetime/date.go:309.2,310.43 1 0
fenac.nl/datetime/date.go:311.2,312.39 1 0
fenac.nl/datetime/date.go:317.60,319.2 1 0
fenac.nl/datetime/date.go:321.74,322.42 1 1
fenac.nl/datetime/date.go:325.2,325.67 1 1
fenac.nl/datetime/date.go:328.2,330.23 2 1
fenac.nl/datetime/date.go:336.2,336.14 1 0
fenac.nl/datetime/date.go:322.42,324.3 1 0
fenac.nl/datetime/date.go:325.67,327.3 1 0
fenac.nl/datetime/date.go:330.23,331.23 1 3
fenac.nl/datetime/date.go:334.3,334.27 1 2
fenac.nl/datetime/date.go:331.23,333.4 1 1
fenac.nl/datetime/date.go:339.62,341.2 1 0
